x26 = Identificador
= = OpAsignacion
1.5e-8 = Numero
; = FinSentencia
== = OpRelacional
& = Caracter
&& = OpLogico
|| = OpLogico
| = Caracter
! = OpLogico
!= = OpRelacional
< = OpRelacional
< = OpRelacional
<> = OpRelacional
> = OpRelacional
> = OpRelacional
>= = OpRelacional
<= = OpRelacional
++ = IncrementoTermino
+ = OpTermino
-- = IncrementoTermino
- = OpTermino
+= = IncrementoTermino
-= = IncrementoTermino
* = OpFactor
/ = OpFactor
*= = IncrementoFactor
/= = IncrementoFactor
% = OpFactor
%= = IncrementoFactor
? = OpTernario
" = Cadena
"
 = Cadena
"Hola mundo = Cadena
"
{}
 = Cadena
